<?xml version="1.0" encoding="UTF-8"?>
<testsuite xmlns:xsi="http://www.w3.org/2001/XMLSchema-instance" xsi:noNamespaceSchemaLocation="https://maven.apache.org/surefire/maven-surefire-plugin/xsd/surefire-test-report.xsd" name="library.AppTest" time="0.099" tests="1" errors="0" skipped="0" failures="0">
  <properties>
    <property name="java.specification.version" value="17"/>
    <property name="sun.jnu.encoding" value="UTF-8"/>
    <property name="java.class.path" value="/Users/amyvier/Desktop/Code/Java-Projects/Library/target/test-classes:/Users/amyvier/Desktop/Code/Java-Projects/Library/target/classes:/Users/amyvier/.m2/repository/junit/junit/4.11/junit-4.11.jar:/Users/amyvier/.m2/repository/org/hamcrest/hamcrest-core/1.3/hamcrest-core-1.3.jar:/Users/amyvier/.m2/repository/org/apache/poi/poi/5.2.0/poi-5.2.0.jar:/Users/amyvier/.m2/repository/commons-codec/commons-codec/1.15/commons-codec-1.15.jar:/Users/amyvier/.m2/repository/org/apache/commons/commons-collections4/4.4/commons-collections4-4.4.jar:/Users/amyvier/.m2/repository/org/apache/commons/commons-math3/3.6.1/commons-math3-3.6.1.jar:/Users/amyvier/.m2/repository/commons-io/commons-io/2.11.0/commons-io-2.11.0.jar:/Users/amyvier/.m2/repository/com/zaxxer/SparseBitSet/1.2/SparseBitSet-1.2.jar:/Users/amyvier/.m2/repository/org/apache/logging/log4j/log4j-api/2.17.1/log4j-api-2.17.1.jar:/Users/amyvier/.m2/repository/org/apache/poi/poi-ooxml/5.2.0/poi-ooxml-5.2.0.jar:/Users/amyvier/.m2/repository/org/apache/poi/poi-ooxml-lite/5.2.0/poi-ooxml-lite-5.2.0.jar:/Users/amyvier/.m2/repository/org/apache/xmlbeans/xmlbeans/5.0.3/xmlbeans-5.0.3.jar:/Users/amyvier/.m2/repository/org/apache/commons/commons-compress/1.21/commons-compress-1.21.jar:/Users/amyvier/.m2/repository/com/github/virtuald/curvesapi/1.06/curvesapi-1.06.jar:/Users/amyvier/.m2/repository/org/jxls/jxls-jexcel/1.0.9/jxls-jexcel-1.0.9.jar:/Users/amyvier/.m2/repository/org/jxls/jxls/2.6.0/jxls-2.6.0.jar:/Users/amyvier/.m2/repository/org/apache/commons/commons-jexl3/3.1/commons-jexl3-3.1.jar:/Users/amyvier/.m2/repository/commons-logging/commons-logging/1.2/commons-logging-1.2.jar:/Users/amyvier/.m2/repository/commons-beanutils/commons-beanutils/1.9.3/commons-beanutils-1.9.3.jar:/Users/amyvier/.m2/repository/commons-collections/commons-collections/3.2.2/commons-collections-3.2.2.jar:/Users/amyvier/.m2/repository/ch/qos/logback/logback-core/1.2.3/logback-core-1.2.3.jar:/Users/amyvier/.m2/repository/net/sourceforge/jexcelapi/jxl/2.6.10/jxl-2.6.10.jar:/Users/amyvier/.m2/repository/log4j/log4j/1.2.14/log4j-1.2.14.jar:/Users/amyvier/.m2/repository/org/slf4j/slf4j-api/1.7.26/slf4j-api-1.7.26.jar:/Users/amyvier/.m2/repository/org/slf4j/jcl-over-slf4j/1.7.26/jcl-over-slf4j-1.7.26.jar:/Users/amyvier/.m2/repository/org/dhatim/fastexcel-reader/0.15.3/fastexcel-reader-0.15.3.jar:/Users/amyvier/.m2/repository/com/fasterxml/aalto-xml/1.3.2/aalto-xml-1.3.2.jar:/Users/amyvier/.m2/repository/org/codehaus/woodstox/stax2-api/4.2/stax2-api-4.2.jar:/Users/amyvier/.m2/repository/org/dhatim/fastexcel/0.15.3/fastexcel-0.15.3.jar:/Users/amyvier/.m2/repository/com/github/rzymek/opczip/1.2.0/opczip-1.2.0.jar:"/>
    <property name="java.vm.vendor" value="Eclipse Adoptium"/>
    <property name="sun.arch.data.model" value="64"/>
    <property name="java.vendor.url" value="https://adoptium.net/"/>
    <property name="os.name" value="Mac OS X"/>
    <property name="java.vm.specification.version" value="17"/>
    <property name="sun.java.launcher" value="SUN_STANDARD"/>
    <property name="user.country" value="US"/>
    <property name="sun.boot.library.path" value="/Library/Java/JavaVirtualMachines/temurin-17.jdk/Contents/Home/lib"/>
    <property name="sun.java.command" value="/Users/amyvier/Desktop/Code/Java-Projects/Library/target/surefire/surefirebooter339904336999947752.jar /Users/amyvier/Desktop/Code/Java-Projects/Library/target/surefire 2023-10-18T00-05-01_405-jvmRun1 surefire12044504047072900767tmp surefire_04800449452336727124tmp"/>
    <property name="http.nonProxyHosts" value="local|*.local|169.254/16|*.169.254/16"/>
    <property name="jdk.debug" value="release"/>
    <property name="surefire.test.class.path" value="/Users/amyvier/Desktop/Code/Java-Projects/Library/target/test-classes:/Users/amyvier/Desktop/Code/Java-Projects/Library/target/classes:/Users/amyvier/.m2/repository/junit/junit/4.11/junit-4.11.jar:/Users/amyvier/.m2/repository/org/hamcrest/hamcrest-core/1.3/hamcrest-core-1.3.jar:/Users/amyvier/.m2/repository/org/apache/poi/poi/5.2.0/poi-5.2.0.jar:/Users/amyvier/.m2/repository/commons-codec/commons-codec/1.15/commons-codec-1.15.jar:/Users/amyvier/.m2/repository/org/apache/commons/commons-collections4/4.4/commons-collections4-4.4.jar:/Users/amyvier/.m2/repository/org/apache/commons/commons-math3/3.6.1/commons-math3-3.6.1.jar:/Users/amyvier/.m2/repository/commons-io/commons-io/2.11.0/commons-io-2.11.0.jar:/Users/amyvier/.m2/repository/com/zaxxer/SparseBitSet/1.2/SparseBitSet-1.2.jar:/Users/amyvier/.m2/repository/org/apache/logging/log4j/log4j-api/2.17.1/log4j-api-2.17.1.jar:/Users/amyvier/.m2/repository/org/apache/poi/poi-ooxml/5.2.0/poi-ooxml-5.2.0.jar:/Users/amyvier/.m2/repository/org/apache/poi/poi-ooxml-lite/5.2.0/poi-ooxml-lite-5.2.0.jar:/Users/amyvier/.m2/repository/org/apache/xmlbeans/xmlbeans/5.0.3/xmlbeans-5.0.3.jar:/Users/amyvier/.m2/repository/org/apache/commons/commons-compress/1.21/commons-compress-1.21.jar:/Users/amyvier/.m2/repository/com/github/virtuald/curvesapi/1.06/curvesapi-1.06.jar:/Users/amyvier/.m2/repository/org/jxls/jxls-jexcel/1.0.9/jxls-jexcel-1.0.9.jar:/Users/amyvier/.m2/repository/org/jxls/jxls/2.6.0/jxls-2.6.0.jar:/Users/amyvier/.m2/repository/org/apache/commons/commons-jexl3/3.1/commons-jexl3-3.1.jar:/Users/amyvier/.m2/repository/commons-logging/commons-logging/1.2/commons-logging-1.2.jar:/Users/amyvier/.m2/repository/commons-beanutils/commons-beanutils/1.9.3/commons-beanutils-1.9.3.jar:/Users/amyvier/.m2/repository/commons-collections/commons-collections/3.2.2/commons-collections-3.2.2.jar:/Users/amyvier/.m2/repository/ch/qos/logback/logback-core/1.2.3/logback-core-1.2.3.jar:/Users/amyvier/.m2/repository/net/sourceforge/jexcelapi/jxl/2.6.10/jxl-2.6.10.jar:/Users/amyvier/.m2/repository/log4j/log4j/1.2.14/log4j-1.2.14.jar:/Users/amyvier/.m2/repository/org/slf4j/slf4j-api/1.7.26/slf4j-api-1.7.26.jar:/Users/amyvier/.m2/repository/org/slf4j/jcl-over-slf4j/1.7.26/jcl-over-slf4j-1.7.26.jar:/Users/amyvier/.m2/repository/org/dhatim/fastexcel-reader/0.15.3/fastexcel-reader-0.15.3.jar:/Users/amyvier/.m2/repository/com/fasterxml/aalto-xml/1.3.2/aalto-xml-1.3.2.jar:/Users/amyvier/.m2/repository/org/codehaus/woodstox/stax2-api/4.2/stax2-api-4.2.jar:/Users/amyvier/.m2/repository/org/dhatim/fastexcel/0.15.3/fastexcel-0.15.3.jar:/Users/amyvier/.m2/repository/com/github/rzymek/opczip/1.2.0/opczip-1.2.0.jar:"/>
    <property name="sun.cpu.endian" value="little"/>
    <property name="user.home" value="/Users/amyvier"/>
    <property name="user.language" value="en"/>
    <property name="java.specification.vendor" value="Oracle Corporation"/>
    <property name="java.version.date" value="2023-08-24"/>
    <property name="java.home" value="/Library/Java/JavaVirtualMachines/temurin-17.jdk/Contents/Home"/>
    <property name="file.separator" value="/"/>
    <property name="basedir" value="/Users/amyvier/Desktop/Code/Java-Projects/Library"/>
    <property name="java.vm.compressedOopsMode" value="Zero based"/>
    <property name="line.separator" value="&#10;"/>
    <property name="java.specification.name" value="Java Platform API Specification"/>
    <property name="java.vm.specification.vendor" value="Oracle Corporation"/>
    <property name="surefire.real.class.path" value="/Users/amyvier/Desktop/Code/Java-Projects/Library/target/surefire/surefirebooter339904336999947752.jar"/>
    <property name="sun.management.compiler" value="HotSpot 64-Bit Tiered Compilers"/>
    <property name="ftp.nonProxyHosts" value="local|*.local|169.254/16|*.169.254/16"/>
    <property name="java.runtime.version" value="17.0.8.1+1"/>
    <property name="user.name" value="amyvier"/>
    <property name="path.separator" value=":"/>
    <property name="os.version" value="12.4"/>
    <property name="java.runtime.name" value="OpenJDK Runtime Environment"/>
    <property name="file.encoding" value="UTF-8"/>
    <property name="java.vm.name" value="OpenJDK 64-Bit Server VM"/>
    <property name="java.vendor.version" value="Temurin-17.0.8.1+1"/>
    <property name="localRepository" value="/Users/amyvier/.m2/repository"/>
    <property name="java.vendor.url.bug" value="https://github.com/adoptium/adoptium-support/issues"/>
    <property name="java.io.tmpdir" value="/var/folders/9v/zp41m7px113gvtfcdjqnhg0c0000gn/T/"/>
    <property name="java.version" value="17.0.8.1"/>
    <property name="user.dir" value="/Users/amyvier/Desktop/Code/Java-Projects/Library"/>
    <property name="os.arch" value="x86_64"/>
    <property name="java.vm.specification.name" value="Java Virtual Machine Specification"/>
    <property name="native.encoding" value="UTF-8"/>
    <property name="java.library.path" value="/Users/amyvier/Library/Java/Extensions:/Library/Java/Extensions:/Network/Library/Java/Extensions:/System/Library/Java/Extensions:/usr/lib/java:."/>
    <property name="java.vm.info" value="mixed mode, sharing"/>
    <property name="java.vendor" value="Eclipse Adoptium"/>
    <property name="java.vm.version" value="17.0.8.1+1"/>
    <property name="sun.io.unicode.encoding" value="UnicodeBig"/>
    <property name="socksNonProxyHosts" value="local|*.local|169.254/16|*.169.254/16"/>
    <property name="java.class.version" value="61.0"/>
  </properties>
  <testcase name="shouldAnswerWithTrue" classname="library.AppTest" time="0.002"/>
</testsuite>